<?xml version="1.0" encoding="UTF-8"?>
<!-- Generated by org.testng.reporters.JUnitReportReporter -->
<testsuite skipped="0" hostname="DESKTOP-4GR3926" name="chromeBrowser.FirstSeleniumScript" tests="2" failures="0" timestamp="2021-06-10T20:08:43 IST" time="60.548" errors="0">
  <testcase name="login" time="60.532" classname="chromeBrowser.FirstSeleniumScript"/>
  <testcase name="Title" time="0.016" classname="chromeBrowser.FirstSeleniumScript"/>
</testsuite> <!-- chromeBrowser.FirstSeleniumScript -->
